<?xml version="1.0" encoding="UTF-8"?>
<!-- Generated by org.testng.reporters.JUnitXMLReporter -->
<testsuite hostname="LAPTOP-86LFQNL2" name="demoframework" tests="4" failures="0" timestamp="1 May 2020 11:27:32 GMT" time="97.332" errors="0">
  <testcase name="signUp" time="22.471" classname="tests.LoginTest"/>
  <testcase name="loginToApplication" time="14.017" classname="tests.LoginTest"/>
  <testcase name="navigateToHomePage" time="0.0" classname="tests.LoginTest"/>
  <testcase name="navigateToOrderHistory" time="17.786" classname="tests.LoginTest"/>
</testsuite>
