<?xml version="1.0" encoding="UTF-8"?>
<testng-results skipped="0" failed="0" total="4" passed="4">
  <reporter-output>
  </reporter-output>
  <suite name="Smoke Suite" duration-ms="97332" started-at="2020-05-01T16:55:55Z" finished-at="2020-05-01T16:57:32Z">
    <groups>
    </groups>
    <test name="demoframework" duration-ms="97332" started-at="2020-05-01T16:55:55Z" finished-at="2020-05-01T16:57:32Z">
      <class name="tests.LoginTest">
        <test-method status="PASS" signature="before()[pri:0, instance:tests.LoginTest@3b81a1bc]" name="before" is-config="true" duration-ms="10764" started-at="2020-05-01T16:55:55Z" finished-at="2020-05-01T16:56:06Z">
        </test-method>
        <test-method status="PASS" signature="signUp()[pri:48, instance:tests.LoginTest@3b81a1bc]" name="signUp" duration-ms="22471" started-at="2020-05-01T16:56:06Z" finished-at="2020-05-01T16:56:28Z">
        </test-method>
        <test-method status="PASS" signature="quitDriver()[pri:0, instance:tests.LoginTest@3b81a1bc]" name="quitDriver" is-config="true" duration-ms="621" started-at="2020-05-01T16:56:28Z" finished-at="2020-05-01T16:56:29Z">
        </test-method>
        <test-method status="PASS" signature="before()[pri:0, instance:tests.LoginTest@3b81a1bc]" name="before" is-config="true" duration-ms="9588" started-at="2020-05-01T16:56:29Z" finished-at="2020-05-01T16:56:38Z">
        </test-method>
        <test-method status="PASS" signature="loginToApplication()[pri:49, instance:tests.LoginTest@3b81a1bc]" name="loginToApplication" duration-ms="14017" started-at="2020-05-01T16:56:38Z" finished-at="2020-05-01T16:56:52Z">
        </test-method>
        <test-method status="PASS" signature="quitDriver()[pri:0, instance:tests.LoginTest@3b81a1bc]" name="quitDriver" is-config="true" duration-ms="614" started-at="2020-05-01T16:56:52Z" finished-at="2020-05-01T16:56:53Z">
        </test-method>
        <test-method status="PASS" signature="before()[pri:0, instance:tests.LoginTest@3b81a1bc]" name="before" is-config="true" duration-ms="9740" started-at="2020-05-01T16:56:53Z" finished-at="2020-05-01T16:57:03Z">
        </test-method>
        <test-method status="PASS" signature="quitDriver()[pri:0, instance:tests.LoginTest@3b81a1bc]" name="quitDriver" is-config="true" duration-ms="630" started-at="2020-05-01T16:57:03Z" finished-at="2020-05-01T16:57:03Z">
        </test-method>
        <test-method status="PASS" signature="navigateToHomePage()[pri:50, instance:tests.LoginTest@3b81a1bc]" name="navigateToHomePage" duration-ms="0" started-at="2020-05-01T16:57:03Z" finished-at="2020-05-01T16:57:03Z">
        </test-method>
        <test-method status="PASS" signature="before()[pri:0, instance:tests.LoginTest@3b81a1bc]" name="before" is-config="true" duration-ms="10477" started-at="2020-05-01T16:57:03Z" finished-at="2020-05-01T16:57:14Z">
        </test-method>
        <test-method status="PASS" signature="navigateToOrderHistory()[pri:50, instance:tests.LoginTest@3b81a1bc]" name="navigateToOrderHistory" duration-ms="17786" started-at="2020-05-01T16:57:14Z" finished-at="2020-05-01T16:57:32Z">
        </test-method>
        <test-method status="PASS" signature="quitDriver()[pri:0, instance:tests.LoginTest@3b81a1bc]" name="quitDriver" is-config="true" duration-ms="615" started-at="2020-05-01T16:57:32Z" finished-at="2020-05-01T16:57:32Z">
        </test-method>
      </class>
    </test>
  </suite>
</testng-results>
